TN:
SF:config.js
FNF:0
FNH:0
DA:1,1
DA:3,1
DA:5,1
LF:3
LH:3
BRF:0
BRH:0
end_of_record
TN:
SF:app\products.js
FN:10,(anonymous_0)
FN:13,(anonymous_1)
FN:20,listProducts
FN:32,getProductById
FN:46,createProduct
FN:64,deleteProduct
FN:78,updateProduct
FNF:7
FNH:2
FNDA:0,(anonymous_0)
FNDA:0,(anonymous_1)
FNDA:2,listProducts
FNDA:3,getProductById
FNDA:0,createProduct
FNDA:0,deleteProduct
FNDA:0,updateProduct
DA:1,1
DA:2,1
DA:3,1
DA:4,1
DA:5,1
DA:6,1
DA:7,1
DA:9,1
DA:11,0
DA:14,0
DA:18,1
DA:21,2
DA:22,2
DA:26,1
DA:28,1
DA:33,3
DA:34,3
DA:35,2
DA:36,1
DA:38,1
DA:41,1
DA:42,1
DA:47,0
DA:48,0
DA:49,0
DA:51,0
DA:53,0
DA:55,0
DA:56,0
DA:57,0
DA:59,0
DA:60,0
DA:65,0
DA:66,0
DA:67,0
DA:68,0
DA:70,0
DA:73,0
DA:74,0
DA:79,0
DA:80,0
DA:81,0
DA:82,0
DA:86,0
DA:87,0
DA:89,0
DA:91,0
DA:92,0
DA:95,1
DA:96,1
DA:97,1
DA:98,1
DA:100,1
LF:53
LH:25
BRDA:35,0,0,1
BRDA:35,0,1,1
BRDA:48,1,0,0
BRDA:48,1,1,0
BRDA:67,2,0,0
BRDA:67,2,1,0
BRDA:86,3,0,0
BRDA:86,3,1,0
BRF:8
BRH:2
end_of_record
TN:
SF:models\Product-model.js
FNF:0
FNH:0
DA:1,1
DA:2,1
DA:4,1
DA:22,1
DA:23,1
LF:5
LH:5
BRF:0
BRH:0
end_of_record
